execve
execve
execve
execve
execve
execve
execve
security_bprm_check
mmap
access
security_file_open
openat
mmap
close
security_file_open
openat
mmap
mmap
mmap
mmap
close
security_file_open
openat
mmap
mprotect
mmap
mmap
mmap
close
security_file_open
openat
mmap
mmap
mmap
mmap
mmap
close
mmap
mprotect
mprotect
mprotect
mprotect
mprotect
security_file_open
openat
close
security_file_open
openat
mmap
close
access
access
access
security_file_open
openat
close
security_file_open
openat
close
access
access
security_file_open
openat
close
access
access
access
security_file_open
openat
close
access
security_file_open
openat
close
access
access
access
security_file_open
openat
close
access
security_file_open
openat
close
security_file_open
openat
getdents64
getdents64
close
security_file_open
openat
getdents64
security_file_open
openat
close
getdents64
close
security_file_open
openat
close
security_file_open
openat
getdents64
getdents64
close
security_file_open
openat
close
security_file_open
openat
close
security_file_open
openat
close
security_file_open
openat
close
openat
openat
security_file_open
openat
getdents64
access
access
getdents64
close
security_file_open
openat
mmap
close
security_file_open
openat
mmap
close
security_file_open
openat
mmap
close
openat
openat
openat
openat
mmap
security_file_open
openat
close
do_exit
